2024-05-18T18:11:37.188+06:00  INFO 11199 --- [main] com.example.college.CollegeApplication   : Starting CollegeApplication using Java 21.0.3 with PID 11199 (/home/argen/CollegeProject/target/classes started by argen in /home/argen/CollegeProject)
2024-05-18T18:11:37.218+06:00  INFO 11199 --- [main] com.example.college.CollegeApplication   : No active profile set, falling back to 1 default profile: "default"
2024-05-18T18:11:39.662+06:00  INFO 11199 --- [main] o.s.b.w.embedded.tomcat.TomcatWebServer  : Tomcat initialized with port 8089 (http)
2024-05-18T18:11:39.678+06:00  INFO 11199 --- [main] o.apache.catalina.core.StandardService   : Starting service [Tomcat]
2024-05-18T18:11:39.679+06:00  INFO 11199 --- [main] o.apache.catalina.core.StandardEngine    : Starting Servlet engine: [Apache Tomcat/10.1.19]
2024-05-18T18:11:39.746+06:00  INFO 11199 --- [main] o.a.c.c.C.[Tomcat].[localhost].[/]       : Initializing Spring embedded WebApplicationContext
2024-05-18T18:11:39.747+06:00  INFO 11199 --- [main] w.s.c.ServletWebServerApplicationContext : Root WebApplicationContext: initialization completed in 2342 ms
2024-05-18T18:11:40.031+06:00  INFO 11199 --- [main] com.zaxxer.hikari.HikariDataSource       : HikariPool-1 - Starting...
2024-05-18T18:11:40.181+06:00  INFO 11199 --- [main] com.zaxxer.hikari.pool.HikariPool        : HikariPool-1 - Added connection conn0: url=jdbc:h2:./db/demo user=ROOT
2024-05-18T18:11:40.184+06:00  INFO 11199 --- [main] com.zaxxer.hikari.HikariDataSource       : HikariPool-1 - Start completed.
2024-05-18T18:11:40.291+06:00  INFO 11199 --- [main] liquibase.database                       : Set default schema name to PUBLIC
2024-05-18T18:11:40.723+06:00  INFO 11199 --- [main] liquibase.changelog                      : Reading resource: db/changelog/initial/001_create_user_table.yaml
2024-05-18T18:11:40.740+06:00  INFO 11199 --- [main] liquibase.changelog                      : Reading resource: db/changelog/initial/002_create_authority_table.yaml
2024-05-18T18:11:40.745+06:00  INFO 11199 --- [main] liquibase.changelog                      : Reading resource: db/changelog/initial/003_create_roles_table.yaml
2024-05-18T18:11:40.750+06:00  INFO 11199 --- [main] liquibase.changelog                      : Reading resource: db/changelog/initial/004_create_table_institutions.yaml
2024-05-18T18:11:40.754+06:00  INFO 11199 --- [main] liquibase.changelog                      : Reading resource: db/changelog/initial/005_create_table_teacher_through_the_eyes_of_a_student.yaml
2024-05-18T18:11:40.766+06:00  INFO 11199 --- [main] liquibase.changelog                      : Reading resource: db/changelog/initial/006_create_form_education_table.yaml
2024-05-18T18:11:40.770+06:00  INFO 11199 --- [main] liquibase.changelog                      : Reading resource: db/changelog/initial/007_create_table_level_of_education.yaml
2024-05-18T18:11:40.774+06:00  INFO 11199 --- [main] liquibase.changelog                      : Reading resource: db/changelog/initial/008_create_table_educational_organization_through_the_eyes_of_students.yaml
2024-05-18T18:11:40.783+06:00  INFO 11199 --- [main] liquibase.changelog                      : Reading resource: db/changelog/initial/009_create_table_Educational_organization_through_the_eyes_of_undergraduates.yaml
2024-05-18T18:11:40.791+06:00  INFO 11199 --- [main] liquibase.changelog                      : Reading resource: db/changelog/initial/010_create_table_satisfaction_rating.yaml
2024-05-18T18:11:40.798+06:00  INFO 11199 --- [main] liquibase.changelog                      : Reading resource: db/changelog/initial/011_create_table_employer_assessment.yaml
2024-05-18T18:11:40.804+06:00  INFO 11199 --- [main] liquibase.changelog                      : Reading resource: db/changelog/initial/data.sql
2024-05-18T18:11:41.023+06:00  INFO 11199 --- [main] liquibase.changelog                      : Reading from PUBLIC.DATABASECHANGELOG
2024-05-18T18:11:41.171+06:00  INFO 11199 --- [main] liquibase.ui                             : Database is up to date, no changesets to execute
2024-05-18T18:11:41.176+06:00  INFO 11199 --- [main] liquibase.changelog                      : Reading from PUBLIC.DATABASECHANGELOG
2024-05-18T18:11:41.194+06:00  INFO 11199 --- [main] liquibase.util                           : UPDATE SUMMARY
2024-05-18T18:11:41.195+06:00  INFO 11199 --- [main] liquibase.util                           : Run:                          0
2024-05-18T18:11:41.195+06:00  INFO 11199 --- [main] liquibase.util                           : Previously run:              12
2024-05-18T18:11:41.195+06:00  INFO 11199 --- [main] liquibase.util                           : Filtered out:                 0
2024-05-18T18:11:41.195+06:00  INFO 11199 --- [main] liquibase.util                           : -------------------------------
2024-05-18T18:11:41.196+06:00  INFO 11199 --- [main] liquibase.util                           : Total change sets:           12
2024-05-18T18:11:41.197+06:00  INFO 11199 --- [main] liquibase.util                           : Update summary generated
2024-05-18T18:11:41.231+06:00  INFO 11199 --- [main] liquibase.lockservice                    : Successfully released change log lock
2024-05-18T18:11:41.234+06:00  INFO 11199 --- [main] liquibase.command                        : Command execution complete
2024-05-18T18:11:41.942+06:00  INFO 11199 --- [main] o.s.s.web.DefaultSecurityFilterChain     : Will secure any request with [org.springframework.security.web.session.DisableEncodeUrlFilter@7805478c, org.springframework.security.web.session.ForceEagerSessionCreationFilter@6807989e, org.springframework.security.web.context.request.async.WebAsyncManagerIntegrationFilter@c2e33, org.springframework.security.web.context.SecurityContextHolderFilter@5615f82d, org.springframework.security.web.header.HeaderWriterFilter@308c65e0, org.springframework.web.filter.CorsFilter@2bbb44da, org.springframework.security.web.authentication.logout.LogoutFilter@13d1f898, org.springframework.security.web.authentication.UsernamePasswordAuthenticationFilter@72ceafeb, org.springframework.security.web.authentication.www.BasicAuthenticationFilter@6f9a3325, org.springframework.security.web.savedrequest.RequestCacheAwareFilter@3dc2f14, org.springframework.security.web.servletapi.SecurityContextHolderAwareRequestFilter@2e8986b6, org.springframework.security.web.authentication.AnonymousAuthenticationFilter@31183ee2, org.springframework.security.web.session.SessionManagementFilter@1e482ecd, org.springframework.security.web.access.ExceptionTranslationFilter@74b7497b, org.springframework.security.web.access.intercept.AuthorizationFilter@4be460e5]
2024-05-18T18:11:42.373+06:00  WARN 11199 --- [main] .s.s.UserDetailsServiceAutoConfiguration : 

Using generated security password: a61a4294-9d70-4fb0-940b-b8bc173594ec

This generated password is for development use only. Your security configuration must be updated before running your application in production.

2024-05-18T18:11:42.450+06:00  INFO 11199 --- [main] o.s.b.w.embedded.tomcat.TomcatWebServer  : Tomcat started on port 8089 (http) with context path ''
2024-05-18T18:11:42.463+06:00  INFO 11199 --- [main] com.example.college.CollegeApplication   : Started CollegeApplication in 6.693 seconds (process running for 8.691)
2024-05-18T18:11:42.537+06:00  INFO 11199 --- [http-nio-172.20.10.4-8089-exec-1] o.a.c.c.C.[Tomcat].[localhost].[/]       : Initializing Spring DispatcherServlet 'dispatcherServlet'
2024-05-18T18:11:42.538+06:00  INFO 11199 --- [http-nio-172.20.10.4-8089-exec-1] o.s.web.servlet.DispatcherServlet        : Initializing Servlet 'dispatcherServlet'
2024-05-18T18:11:42.539+06:00  INFO 11199 --- [http-nio-172.20.10.4-8089-exec-1] o.s.web.servlet.DispatcherServlet        : Completed initialization in 1 ms
2024-05-18T18:21:39.797+06:00  INFO 11199 --- [SpringApplicationShutdownHook] com.zaxxer.hikari.HikariDataSource       : HikariPool-1 - Shutdown initiated...
2024-05-18T18:21:39.809+06:00  INFO 11199 --- [SpringApplicationShutdownHook] com.zaxxer.hikari.HikariDataSource       : HikariPool-1 - Shutdown completed.
2024-05-18T18:21:47.408+06:00  INFO 11591 --- [main] com.example.college.CollegeApplication   : Starting CollegeApplication using Java 21.0.3 with PID 11591 (/home/argen/CollegeProject/target/classes started by argen in /home/argen/CollegeProject)
2024-05-18T18:21:47.412+06:00  INFO 11591 --- [main] com.example.college.CollegeApplication   : No active profile set, falling back to 1 default profile: "default"
2024-05-18T18:21:49.332+06:00  INFO 11591 --- [main] o.s.b.w.embedded.tomcat.TomcatWebServer  : Tomcat initialized with port 8089 (http)
2024-05-18T18:21:49.352+06:00  INFO 11591 --- [main] o.apache.catalina.core.StandardService   : Starting service [Tomcat]
2024-05-18T18:21:49.353+06:00  INFO 11591 --- [main] o.apache.catalina.core.StandardEngine    : Starting Servlet engine: [Apache Tomcat/10.1.19]
2024-05-18T18:21:49.429+06:00  INFO 11591 --- [main] o.a.c.c.C.[Tomcat].[localhost].[/]       : Initializing Spring embedded WebApplicationContext
2024-05-18T18:21:49.430+06:00  INFO 11591 --- [main] w.s.c.ServletWebServerApplicationContext : Root WebApplicationContext: initialization completed in 1923 ms
2024-05-18T18:21:49.740+06:00  INFO 11591 --- [main] com.zaxxer.hikari.HikariDataSource       : HikariPool-1 - Starting...
2024-05-18T18:21:49.863+06:00  INFO 11591 --- [main] com.zaxxer.hikari.pool.HikariPool        : HikariPool-1 - Added connection conn0: url=jdbc:h2:./db/demo user=ROOT
2024-05-18T18:21:49.864+06:00  INFO 11591 --- [main] com.zaxxer.hikari.HikariDataSource       : HikariPool-1 - Start completed.
2024-05-18T18:21:49.967+06:00  INFO 11591 --- [main] liquibase.database                       : Set default schema name to PUBLIC
2024-05-18T18:21:50.319+06:00  INFO 11591 --- [main] liquibase.changelog                      : Reading resource: db/changelog/initial/001_create_user_table.yaml
2024-05-18T18:21:50.332+06:00  INFO 11591 --- [main] liquibase.changelog                      : Reading resource: db/changelog/initial/002_create_authority_table.yaml
2024-05-18T18:21:50.337+06:00  INFO 11591 --- [main] liquibase.changelog                      : Reading resource: db/changelog/initial/003_create_roles_table.yaml
2024-05-18T18:21:50.343+06:00  INFO 11591 --- [main] liquibase.changelog                      : Reading resource: db/changelog/initial/004_create_table_institutions.yaml
2024-05-18T18:21:50.346+06:00  INFO 11591 --- [main] liquibase.changelog                      : Reading resource: db/changelog/initial/005_create_table_teacher_through_the_eyes_of_a_student.yaml
2024-05-18T18:21:50.358+06:00  INFO 11591 --- [main] liquibase.changelog                      : Reading resource: db/changelog/initial/006_create_form_education_table.yaml
2024-05-18T18:21:50.362+06:00  INFO 11591 --- [main] liquibase.changelog                      : Reading resource: db/changelog/initial/007_create_table_level_of_education.yaml
2024-05-18T18:21:50.365+06:00  INFO 11591 --- [main] liquibase.changelog                      : Reading resource: db/changelog/initial/008_create_table_educational_organization_through_the_eyes_of_students.yaml
2024-05-18T18:21:50.375+06:00  INFO 11591 --- [main] liquibase.changelog                      : Reading resource: db/changelog/initial/009_create_table_Educational_organization_through_the_eyes_of_undergraduates.yaml
2024-05-18T18:21:50.383+06:00  INFO 11591 --- [main] liquibase.changelog                      : Reading resource: db/changelog/initial/010_create_table_satisfaction_rating.yaml
2024-05-18T18:21:50.391+06:00  INFO 11591 --- [main] liquibase.changelog                      : Reading resource: db/changelog/initial/011_create_table_employer_assessment.yaml
2024-05-18T18:21:50.397+06:00  INFO 11591 --- [main] liquibase.changelog                      : Reading resource: db/changelog/initial/data.sql
2024-05-18T18:21:50.538+06:00  INFO 11591 --- [main] liquibase.changelog                      : Reading from PUBLIC.DATABASECHANGELOG
2024-05-18T18:21:50.692+06:00  INFO 11591 --- [main] liquibase.ui                             : Database is up to date, no changesets to execute
2024-05-18T18:21:50.695+06:00  INFO 11591 --- [main] liquibase.changelog                      : Reading from PUBLIC.DATABASECHANGELOG
2024-05-18T18:21:50.708+06:00  INFO 11591 --- [main] liquibase.util                           : UPDATE SUMMARY
2024-05-18T18:21:50.709+06:00  INFO 11591 --- [main] liquibase.util                           : Run:                          0
2024-05-18T18:21:50.709+06:00  INFO 11591 --- [main] liquibase.util                           : Previously run:              12
2024-05-18T18:21:50.709+06:00  INFO 11591 --- [main] liquibase.util                           : Filtered out:                 0
2024-05-18T18:21:50.709+06:00  INFO 11591 --- [main] liquibase.util                           : -------------------------------
2024-05-18T18:21:50.709+06:00  INFO 11591 --- [main] liquibase.util                           : Total change sets:           12
2024-05-18T18:21:50.710+06:00  INFO 11591 --- [main] liquibase.util                           : Update summary generated
2024-05-18T18:21:50.733+06:00  INFO 11591 --- [main] liquibase.lockservice                    : Successfully released change log lock
2024-05-18T18:21:50.734+06:00  INFO 11591 --- [main] liquibase.command                        : Command execution complete
2024-05-18T18:21:51.281+06:00  INFO 11591 --- [main] o.s.s.web.DefaultSecurityFilterChain     : Will secure any request with [org.springframework.security.web.session.DisableEncodeUrlFilter@3be46d9c, org.springframework.security.web.session.ForceEagerSessionCreationFilter@41d877bb, org.springframework.security.web.context.request.async.WebAsyncManagerIntegrationFilter@39c5a105, org.springframework.security.web.context.SecurityContextHolderFilter@3815a7d1, org.springframework.security.web.header.HeaderWriterFilter@fbe8fd3, org.springframework.web.filter.CorsFilter@21c747a, org.springframework.security.web.authentication.logout.LogoutFilter@60e67c06, org.springframework.security.web.authentication.UsernamePasswordAuthenticationFilter@41404aa2, org.springframework.security.web.authentication.www.BasicAuthenticationFilter@452ec287, org.springframework.security.web.savedrequest.RequestCacheAwareFilter@1d2d4d7a, org.springframework.security.web.servletapi.SecurityContextHolderAwareRequestFilter@5e020dd1, org.springframework.security.web.authentication.AnonymousAuthenticationFilter@492fa72a, org.springframework.security.web.session.SessionManagementFilter@2fafa7b5, org.springframework.security.web.access.ExceptionTranslationFilter@7809b43a, org.springframework.security.web.access.intercept.AuthorizationFilter@1a3c4b3e]
2024-05-18T18:21:51.687+06:00  WARN 11591 --- [main] .s.s.UserDetailsServiceAutoConfiguration : 

Using generated security password: 5add0892-9f19-434b-8809-347ca83a8f8d

This generated password is for development use only. Your security configuration must be updated before running your application in production.

2024-05-18T18:21:51.748+06:00  INFO 11591 --- [main] o.s.b.w.embedded.tomcat.TomcatWebServer  : Tomcat started on port 8089 (http) with context path ''
2024-05-18T18:21:51.760+06:00  INFO 11591 --- [main] com.example.college.CollegeApplication   : Started CollegeApplication in 5.206 seconds (process running for 6.329)
2024-05-18T18:21:52.203+06:00  INFO 11591 --- [http-nio-172.20.10.4-8089-exec-1] o.a.c.c.C.[Tomcat].[localhost].[/]       : Initializing Spring DispatcherServlet 'dispatcherServlet'
2024-05-18T18:21:52.203+06:00  INFO 11591 --- [http-nio-172.20.10.4-8089-exec-1] o.s.web.servlet.DispatcherServlet        : Initializing Servlet 'dispatcherServlet'
2024-05-18T18:21:52.204+06:00  INFO 11591 --- [http-nio-172.20.10.4-8089-exec-1] o.s.web.servlet.DispatcherServlet        : Completed initialization in 1 ms
2024-05-18T19:00:56.756+06:00  INFO 11591 --- [SpringApplicationShutdownHook] com.zaxxer.hikari.HikariDataSource       : HikariPool-1 - Shutdown initiated...
2024-05-18T19:01:01.076+06:00  INFO 11591 --- [SpringApplicationShutdownHook] com.zaxxer.hikari.HikariDataSource       : HikariPool-1 - Shutdown completed.
2024-05-18T21:02:51.178+06:00  INFO 2787 --- [main] com.example.college.CollegeApplication   : Starting CollegeApplication using Java 21.0.3 with PID 2787 (/home/argen/CollegeProject/target/classes started by argen in /home/argen/CollegeProject)
2024-05-18T21:02:51.180+06:00  INFO 2787 --- [main] com.example.college.CollegeApplication   : No active profile set, falling back to 1 default profile: "default"
2024-05-18T21:02:52.942+06:00  INFO 2787 --- [main] o.s.b.w.embedded.tomcat.TomcatWebServer  : Tomcat initialized with port 8089 (http)
2024-05-18T21:02:52.957+06:00  INFO 2787 --- [main] o.apache.catalina.core.StandardService   : Starting service [Tomcat]
2024-05-18T21:02:52.957+06:00  INFO 2787 --- [main] o.apache.catalina.core.StandardEngine    : Starting Servlet engine: [Apache Tomcat/10.1.19]
2024-05-18T21:02:53.012+06:00  INFO 2787 --- [main] o.a.c.c.C.[Tomcat].[localhost].[/]       : Initializing Spring embedded WebApplicationContext
2024-05-18T21:02:53.012+06:00  INFO 2787 --- [main] w.s.c.ServletWebServerApplicationContext : Root WebApplicationContext: initialization completed in 1770 ms
2024-05-18T21:02:53.295+06:00  INFO 2787 --- [main] com.zaxxer.hikari.HikariDataSource       : HikariPool-1 - Starting...
2024-05-18T21:02:53.739+06:00  INFO 2787 --- [main] com.zaxxer.hikari.pool.HikariPool        : HikariPool-1 - Added connection conn1: url=jdbc:h2:./db/demo user=ROOT
2024-05-18T21:02:53.741+06:00  INFO 2787 --- [main] com.zaxxer.hikari.HikariDataSource       : HikariPool-1 - Start completed.
2024-05-18T21:02:53.812+06:00  INFO 2787 --- [main] liquibase.database                       : Set default schema name to PUBLIC
2024-05-18T21:02:54.192+06:00  INFO 2787 --- [main] liquibase.changelog                      : Reading resource: db/changelog/initial/001_create_user_table.yaml
2024-05-18T21:02:54.216+06:00  INFO 2787 --- [main] liquibase.changelog                      : Reading resource: db/changelog/initial/002_create_authority_table.yaml
2024-05-18T21:02:54.221+06:00  INFO 2787 --- [main] liquibase.changelog                      : Reading resource: db/changelog/initial/003_create_roles_table.yaml
2024-05-18T21:02:54.228+06:00  INFO 2787 --- [main] liquibase.changelog                      : Reading resource: db/changelog/initial/004_create_table_institutions.yaml
2024-05-18T21:02:54.232+06:00  INFO 2787 --- [main] liquibase.changelog                      : Reading resource: db/changelog/initial/005_create_table_teacher_through_the_eyes_of_a_student.yaml
2024-05-18T21:02:54.242+06:00  INFO 2787 --- [main] liquibase.changelog                      : Reading resource: db/changelog/initial/006_create_form_education_table.yaml
2024-05-18T21:02:54.246+06:00  INFO 2787 --- [main] liquibase.changelog                      : Reading resource: db/changelog/initial/007_create_table_level_of_education.yaml
2024-05-18T21:02:54.250+06:00  INFO 2787 --- [main] liquibase.changelog                      : Reading resource: db/changelog/initial/008_create_table_educational_organization_through_the_eyes_of_students.yaml
2024-05-18T21:02:54.259+06:00  INFO 2787 --- [main] liquibase.changelog                      : Reading resource: db/changelog/initial/009_create_table_Educational_organization_through_the_eyes_of_undergraduates.yaml
2024-05-18T21:02:54.267+06:00  INFO 2787 --- [main] liquibase.changelog                      : Reading resource: db/changelog/initial/010_create_table_satisfaction_rating.yaml
2024-05-18T21:02:54.274+06:00  INFO 2787 --- [main] liquibase.changelog                      : Reading resource: db/changelog/initial/011_create_table_employer_assessment.yaml
2024-05-18T21:02:54.279+06:00  INFO 2787 --- [main] liquibase.changelog                      : Reading resource: db/changelog/initial/data.sql
2024-05-18T21:02:54.420+06:00  INFO 2787 --- [main] liquibase.changelog                      : Reading from PUBLIC.DATABASECHANGELOG
2024-05-18T21:02:54.549+06:00  INFO 2787 --- [main] liquibase.ui                             : Database is up to date, no changesets to execute
2024-05-18T21:02:54.551+06:00  INFO 2787 --- [main] liquibase.changelog                      : Reading from PUBLIC.DATABASECHANGELOG
2024-05-18T21:02:54.565+06:00  INFO 2787 --- [main] liquibase.util                           : UPDATE SUMMARY
2024-05-18T21:02:54.566+06:00  INFO 2787 --- [main] liquibase.util                           : Run:                          0
2024-05-18T21:02:54.566+06:00  INFO 2787 --- [main] liquibase.util                           : Previously run:              12
2024-05-18T21:02:54.566+06:00  INFO 2787 --- [main] liquibase.util                           : Filtered out:                 0
2024-05-18T21:02:54.566+06:00  INFO 2787 --- [main] liquibase.util                           : -------------------------------
2024-05-18T21:02:54.566+06:00  INFO 2787 --- [main] liquibase.util                           : Total change sets:           12
2024-05-18T21:02:54.567+06:00  INFO 2787 --- [main] liquibase.util                           : Update summary generated
2024-05-18T21:02:54.593+06:00  INFO 2787 --- [main] liquibase.lockservice                    : Successfully released change log lock
2024-05-18T21:02:54.594+06:00  INFO 2787 --- [main] liquibase.command                        : Command execution complete
2024-05-18T21:02:55.203+06:00  INFO 2787 --- [main] o.s.s.web.DefaultSecurityFilterChain     : Will secure any request with [org.springframework.security.web.session.DisableEncodeUrlFilter@33373f70, org.springframework.security.web.session.ForceEagerSessionCreationFilter@56f61d74, org.springframework.security.web.context.request.async.WebAsyncManagerIntegrationFilter@44d84313, org.springframework.security.web.context.SecurityContextHolderFilter@30b9728f, org.springframework.security.web.header.HeaderWriterFilter@1123d461, org.springframework.web.filter.CorsFilter@9ab310b, org.springframework.security.web.authentication.logout.LogoutFilter@dd9de63, org.springframework.security.web.authentication.UsernamePasswordAuthenticationFilter@400008bf, org.springframework.security.web.authentication.www.BasicAuthenticationFilter@128a188a, org.springframework.security.web.savedrequest.RequestCacheAwareFilter@453a30f8, org.springframework.security.web.servletapi.SecurityContextHolderAwareRequestFilter@7cec3975, org.springframework.security.web.authentication.AnonymousAuthenticationFilter@5bdb9c69, org.springframework.security.web.session.SessionManagementFilter@b2d8dcd, org.springframework.security.web.access.ExceptionTranslationFilter@5e763c07, org.springframework.security.web.access.intercept.AuthorizationFilter@61be6051]
2024-05-18T21:02:55.635+06:00  WARN 2787 --- [main] .s.s.UserDetailsServiceAutoConfiguration : 

Using generated security password: eed6f772-9c8a-46af-b548-4fdd84bc174f

This generated password is for development use only. Your security configuration must be updated before running your application in production.

2024-05-18T21:02:55.702+06:00  INFO 2787 --- [main] o.s.b.w.embedded.tomcat.TomcatWebServer  : Tomcat started on port 8089 (http) with context path ''
2024-05-18T21:02:55.713+06:00  INFO 2787 --- [main] com.example.college.CollegeApplication   : Started CollegeApplication in 5.24 seconds (process running for 8.383)
2024-05-18T21:04:30.059+06:00  INFO 2787 --- [http-nio-172.20.10.4-8089-exec-1] o.a.c.c.C.[Tomcat].[localhost].[/]       : Initializing Spring DispatcherServlet 'dispatcherServlet'
2024-05-18T21:04:30.060+06:00  INFO 2787 --- [http-nio-172.20.10.4-8089-exec-1] o.s.web.servlet.DispatcherServlet        : Initializing Servlet 'dispatcherServlet'
2024-05-18T21:04:30.061+06:00  INFO 2787 --- [http-nio-172.20.10.4-8089-exec-1] o.s.web.servlet.DispatcherServlet        : Completed initialization in 1 ms
2024-05-18T21:11:10.595+06:00  INFO 2787 --- [http-nio-172.20.10.4-8089-exec-3] o.apache.coyote.http11.Http11Processor   : Error parsing HTTP request header
 Note: further occurrences of HTTP request parsing errors will be logged at DEBUG level.

java.lang.IllegalArgumentException: Invalid character found in the request target [/api/form/static/employer_assessment/count?columnName=[object%20Object] ]. The valid characters are defined in RFC 7230 and RFC 3986
	at org.apache.coyote.http11.Http11InputBuffer.parseRequestLine(Http11InputBuffer.java:482) ~[tomcat-embed-core-10.1.19.jar:10.1.19]
	at org.apache.coyote.http11.Http11Processor.service(Http11Processor.java:264) ~[tomcat-embed-core-10.1.19.jar:10.1.19]
	at org.apache.coyote.AbstractProcessorLight.process(AbstractProcessorLight.java:63) ~[tomcat-embed-core-10.1.19.jar:10.1.19]
	at org.apache.coyote.AbstractProtocol$ConnectionHandler.process(AbstractProtocol.java:896) ~[tomcat-embed-core-10.1.19.jar:10.1.19]
	at org.apache.tomcat.util.net.NioEndpoint$SocketProcessor.doRun(NioEndpoint.java:1744) ~[tomcat-embed-core-10.1.19.jar:10.1.19]
	at org.apache.tomcat.util.net.SocketProcessorBase.run(SocketProcessorBase.java:52) ~[tomcat-embed-core-10.1.19.jar:10.1.19]
	at org.apache.tomcat.util.threads.ThreadPoolExecutor.runWorker(ThreadPoolExecutor.java:1191) ~[tomcat-embed-core-10.1.19.jar:10.1.19]
	at org.apache.tomcat.util.threads.ThreadPoolExecutor$Worker.run(ThreadPoolExecutor.java:659) ~[tomcat-embed-core-10.1.19.jar:10.1.19]
	at org.apache.tomcat.util.threads.TaskThread$WrappingRunnable.run(TaskThread.java:63) ~[tomcat-embed-core-10.1.19.jar:10.1.19]
	at java.base/java.lang.Thread.run(Thread.java:1583) ~[na:na]

2024-05-18T21:15:12.311+06:00 ERROR 2787 --- [http-nio-172.20.10.4-8089-exec-3] o.a.c.c.C.[.[.[/].[dispatcherServlet]    : Servlet.service() for servlet [dispatcherServlet] in context with path [] threw exception [Request processing failed: org.springframework.jdbc.BadSqlGrammarException: PreparedStatementCallback; bad SQL grammar [SELECT neeed_for_interpersonal_skills, (COUNT(*) * 100 / ?) AS percentage FROM EMPLOYER_ASSESSMENT GROUP BY neeed_for_interpersonal_skills]] with root cause

org.h2.jdbc.JdbcSQLSyntaxErrorException: Столбец "NEEED_FOR_INTERPERSONAL_SKILLS" не найден
Column "NEEED_FOR_INTERPERSONAL_SKILLS" not found; SQL statement:
SELECT neeed_for_interpersonal_skills, (COUNT(*) * 100 / ?) AS percentage FROM EMPLOYER_ASSESSMENT GROUP BY neeed_for_interpersonal_skills [42122-224]
	at org.h2.message.DbException.getJdbcSQLException(DbException.java:514) ~[h2-2.2.224.jar:2.2.224]
	at org.h2.message.DbException.getJdbcSQLException(DbException.java:489) ~[h2-2.2.224.jar:2.2.224]
	at org.h2.message.DbException.get(DbException.java:223) ~[h2-2.2.224.jar:2.2.224]
	at org.h2.message.DbException.get(DbException.java:199) ~[h2-2.2.224.jar:2.2.224]
	at org.h2.expression.ExpressionColumn.getColumnException(ExpressionColumn.java:244) ~[h2-2.2.224.jar:2.2.224]
	at org.h2.expression.ExpressionColumn.optimizeOther(ExpressionColumn.java:226) ~[h2-2.2.224.jar:2.2.224]
	at org.h2.expression.ExpressionColumn.optimize(ExpressionColumn.java:213) ~[h2-2.2.224.jar:2.2.224]
	at org.h2.command.query.Select.prepareExpressions(Select.java:1170) ~[h2-2.2.224.jar:2.2.224]
	at org.h2.command.query.Query.prepare(Query.java:218) ~[h2-2.2.224.jar:2.2.224]
	at org.h2.command.Parser.prepareCommand(Parser.java:489) ~[h2-2.2.224.jar:2.2.224]
	at org.h2.engine.SessionLocal.prepareLocal(SessionLocal.java:639) ~[h2-2.2.224.jar:2.2.224]
	at org.h2.engine.SessionLocal.prepareCommand(SessionLocal.java:559) ~[h2-2.2.224.jar:2.2.224]
	at org.h2.jdbc.JdbcConnection.prepareCommand(JdbcConnection.java:1166) ~[h2-2.2.224.jar:2.2.224]
	at org.h2.jdbc.JdbcPreparedStatement.<init>(JdbcPreparedStatement.java:93) ~[h2-2.2.224.jar:2.2.224]
	at org.h2.jdbc.JdbcConnection.prepareStatement(JdbcConnection.java:316) ~[h2-2.2.224.jar:2.2.224]
	at com.zaxxer.hikari.pool.ProxyConnection.prepareStatement(ProxyConnection.java:327) ~[HikariCP-5.0.1.jar:na]
	at com.zaxxer.hikari.pool.HikariProxyConnection.prepareStatement(HikariProxyConnection.java) ~[HikariCP-5.0.1.jar:na]
	at org.springframework.jdbc.core.JdbcTemplate$SimplePreparedStatementCreator.createPreparedStatement(JdbcTemplate.java:1711) ~[spring-jdbc-6.1.5.jar:6.1.5]
	at org.springframework.jdbc.core.JdbcTemplate.execute(JdbcTemplate.java:656) ~[spring-jdbc-6.1.5.jar:6.1.5]
	at org.springframework.jdbc.core.JdbcTemplate.query(JdbcTemplate.java:723) ~[spring-jdbc-6.1.5.jar:6.1.5]
	at org.springframework.jdbc.core.JdbcTemplate.query(JdbcTemplate.java:754) ~[spring-jdbc-6.1.5.jar:6.1.5]
	at org.springframework.jdbc.core.JdbcTemplate.query(JdbcTemplate.java:767) ~[spring-jdbc-6.1.5.jar:6.1.5]
	at org.springframework.jdbc.core.JdbcTemplate.query(JdbcTemplate.java:820) ~[spring-jdbc-6.1.5.jar:6.1.5]
	at com.example.college.dao.EmployerAssessmentDao.getStaticsWithCount(EmployerAssessmentDao.java:89) ~[classes/:na]
	at com.example.college.service.impl.EmployerAssessmentServiceImpl.getStaticWithCount(EmployerAssessmentServiceImpl.java:58) ~[classes/:na]
	at com.example.college.controller.FormsController.employerCount(FormsController.java:26) ~[classes/:na]
	at java.base/jdk.internal.reflect.DirectMethodHandleAccessor.invoke(DirectMethodHandleAccessor.java:103) ~[na:na]
	at java.base/java.lang.reflect.Method.invoke(Method.java:580) ~[na:na]
	at org.springframework.web.method.support.InvocableHandlerMethod.doInvoke(InvocableHandlerMethod.java:255) ~[spring-web-6.1.5.jar:6.1.5]
	at org.springframework.web.method.support.InvocableHandlerMethod.invokeForRequest(InvocableHandlerMethod.java:188) ~[spring-web-6.1.5.jar:6.1.5]
	at org.springframework.web.servlet.mvc.method.annotation.ServletInvocableHandlerMethod.invokeAndHandle(ServletInvocableHandlerMethod.java:118) ~[spring-webmvc-6.1.5.jar:6.1.5]
	at org.springframework.web.servlet.mvc.method.annotation.RequestMappingHandlerAdapter.invokeHandlerMethod(RequestMappingHandlerAdapter.java:925) ~[spring-webmvc-6.1.5.jar:6.1.5]
	at org.springframework.web.servlet.mvc.method.annotation.RequestMappingHandlerAdapter.handleInternal(RequestMappingHandlerAdapter.java:830) ~[spring-webmvc-6.1.5.jar:6.1.5]
	at org.springframework.web.servlet.mvc.method.AbstractHandlerMethodAdapter.handle(AbstractHandlerMethodAdapter.java:87) ~[spring-webmvc-6.1.5.jar:6.1.5]
	at org.springframework.web.servlet.DispatcherServlet.doDispatch(DispatcherServlet.java:1089) ~[spring-webmvc-6.1.5.jar:6.1.5]
	at org.springframework.web.servlet.DispatcherServlet.doService(DispatcherServlet.java:979) ~[spring-webmvc-6.1.5.jar:6.1.5]
	at org.springframework.web.servlet.FrameworkServlet.processRequest(FrameworkServlet.java:1014) ~[spring-webmvc-6.1.5.jar:6.1.5]
	at org.springframework.web.servlet.FrameworkServlet.doGet(FrameworkServlet.java:903) ~[spring-webmvc-6.1.5.jar:6.1.5]
	at jakarta.servlet.http.HttpServlet.service(HttpServlet.java:564) ~[tomcat-embed-core-10.1.19.jar:6.0]
	at org.springframework.web.servlet.FrameworkServlet.service(FrameworkServlet.java:885) ~[spring-webmvc-6.1.5.jar:6.1.5]
	at jakarta.servlet.http.HttpServlet.service(HttpServlet.java:658) ~[tomcat-embed-core-10.1.19.jar:6.0]
	at org.apache.catalina.core.ApplicationFilterChain.internalDoFilter(ApplicationFilterChain.java:205) ~[tomcat-embed-core-10.1.19.jar:10.1.19]
	at org.apache.catalina.core.ApplicationFilterChain.doFilter(ApplicationFilterChain.java:149) ~[tomcat-embed-core-10.1.19.jar:10.1.19]
	at org.apache.tomcat.websocket.server.WsFilter.doFilter(WsFilter.java:51) ~[tomcat-embed-websocket-10.1.19.jar:10.1.19]
	at org.apache.catalina.core.ApplicationFilterChain.internalDoFilter(ApplicationFilterChain.java:174) ~[tomcat-embed-core-10.1.19.jar:10.1.19]
	at org.apache.catalina.core.ApplicationFilterChain.doFilter(ApplicationFilterChain.java:149) ~[tomcat-embed-core-10.1.19.jar:10.1.19]
	at org.springframework.web.filter.OncePerRequestFilter.doFilter(OncePerRequestFilter.java:110) ~[spring-web-6.1.5.jar:6.1.5]
	at org.apache.catalina.core.ApplicationFilterChain.internalDoFilter(ApplicationFilterChain.java:174) ~[tomcat-embed-core-10.1.19.jar:10.1.19]
	at org.apache.catalina.core.ApplicationFilterChain.doFilter(ApplicationFilterChain.java:149) ~[tomcat-embed-core-10.1.19.jar:10.1.19]
	at org.springframework.web.filter.CompositeFilter$VirtualFilterChain.doFilter(CompositeFilter.java:108) ~[spring-web-6.1.5.jar:6.1.5]
	at org.springframework.security.web.FilterChainProxy.lambda$doFilterInternal$3(FilterChainProxy.java:231) ~[spring-security-web-6.2.3.jar:6.2.3]
	at org.springframework.security.web.FilterChainProxy$VirtualFilterChain.doFilter(FilterChainProxy.java:365) ~[spring-security-web-6.2.3.jar:6.2.3]
	at org.springframework.security.web.access.intercept.AuthorizationFilter.doFilter(AuthorizationFilter.java:100) ~[spring-security-web-6.2.3.jar:6.2.3]
	at org.springframework.security.web.FilterChainProxy$VirtualFilterChain.doFilter(FilterChainProxy.java:374) ~[spring-security-web-6.2.3.jar:6.2.3]
	at org.springframework.security.web.access.ExceptionTranslationFilter.doFilter(ExceptionTranslationFilter.java:126) ~[spring-security-web-6.2.3.jar:6.2.3]
	at org.springframework.security.web.access.ExceptionTranslationFilter.doFilter(ExceptionTranslationFilter.java:120) ~[spring-security-web-6.2.3.jar:6.2.3]
	at org.springframework.security.web.FilterChainProxy$VirtualFilterChain.doFilter(FilterChainProxy.java:374) ~[spring-security-web-6.2.3.jar:6.2.3]
	at org.springframework.security.web.session.SessionManagementFilter.doFilter(SessionManagementFilter.java:131) ~[spring-security-web-6.2.3.jar:6.2.3]
	at org.springframework.security.web.session.SessionManagementFilter.doFilter(SessionManagementFilter.java:85) ~[spring-security-web-6.2.3.jar:6.2.3]
	at org.springframework.security.web.FilterChainProxy$VirtualFilterChain.doFilter(FilterChainProxy.java:374) ~[spring-security-web-6.2.3.jar:6.2.3]
	at org.springframework.security.web.authentication.AnonymousAuthenticationFilter.doFilter(AnonymousAuthenticationFilter.java:100) ~[spring-security-web-6.2.3.jar:6.2.3]
	at org.springframework.security.web.FilterChainProxy$VirtualFilterChain.doFilter(FilterChainProxy.java:374) ~[spring-security-web-6.2.3.jar:6.2.3]
	at org.springframework.security.web.servletapi.SecurityContextHolderAwareRequestFilter.doFilter(SecurityContextHolderAwareRequestFilter.java:179) ~[spring-security-web-6.2.3.jar:6.2.3]
	at org.springframework.security.web.FilterChainProxy$VirtualFilterChain.doFilter(FilterChainProxy.java:374) ~[spring-security-web-6.2.3.jar:6.2.3]
	at org.springframework.security.web.savedrequest.RequestCacheAwareFilter.doFilter(RequestCacheAwareFilter.java:63) ~[spring-security-web-6.2.3.jar:6.2.3]
	at org.springframework.security.web.FilterChainProxy$VirtualFilterChain.doFilter(FilterChainProxy.java:374) ~[spring-security-web-6.2.3.jar:6.2.3]
	at org.springframework.security.web.authentication.www.BasicAuthenticationFilter.doFilterInternal(BasicAuthenticationFilter.java:181) ~[spring-security-web-6.2.3.jar:6.2.3]
	at org.springframework.web.filter.OncePerRequestFilter.doFilter(OncePerRequestFilter.java:116) ~[spring-web-6.1.5.jar:6.1.5]
	at org.springframework.security.web.FilterChainProxy$VirtualFilterChain.doFilter(FilterChainProxy.java:374) ~[spring-security-web-6.2.3.jar:6.2.3]
	at org.springframework.security.web.authentication.AbstractAuthenticationProcessingFilter.doFilter(AbstractAuthenticationProcessingFilter.java:227) ~[spring-security-web-6.2.3.jar:6.2.3]
	at org.springframework.security.web.authentication.AbstractAuthenticationProcessingFilter.doFilter(AbstractAuthenticationProcessingFilter.java:221) ~[spring-security-web-6.2.3.jar:6.2.3]
	at org.springframework.security.web.FilterChainProxy$VirtualFilterChain.doFilter(FilterChainProxy.java:374) ~[spring-security-web-6.2.3.jar:6.2.3]
	at org.springframework.security.web.authentication.logout.LogoutFilter.doFilter(LogoutFilter.java:107) ~[spring-security-web-6.2.3.jar:6.2.3]
	at org.springframework.security.web.authentication.logout.LogoutFilter.doFilter(LogoutFilter.java:93) ~[spring-security-web-6.2.3.jar:6.2.3]
	at org.springframework.security.web.FilterChainProxy$VirtualFilterChain.doFilter(FilterChainProxy.java:374) ~[spring-security-web-6.2.3.jar:6.2.3]
	at org.springframework.web.filter.CorsFilter.doFilterInternal(CorsFilter.java:91) ~[spring-web-6.1.5.jar:6.1.5]
	at org.springframework.web.filter.OncePerRequestFilter.doFilter(OncePerRequestFilter.java:116) ~[spring-web-6.1.5.jar:6.1.5]
	at org.springframework.security.web.FilterChainProxy$VirtualFilterChain.doFilter(FilterChainProxy.java:374) ~[spring-security-web-6.2.3.jar:6.2.3]
	at org.springframework.security.web.header.HeaderWriterFilter.doHeadersAfter(HeaderWriterFilter.java:90) ~[spring-security-web-6.2.3.jar:6.2.3]
	at org.springframework.security.web.header.HeaderWriterFilter.doFilterInternal(HeaderWriterFilter.java:75) ~[spring-security-web-6.2.3.jar:6.2.3]
	at org.springframework.web.filter.OncePerRequestFilter.doFilter(OncePerRequestFilter.java:116) ~[spring-web-6.1.5.jar:6.1.5]
	at org.springframework.security.web.FilterChainProxy$VirtualFilterChain.doFilter(FilterChainProxy.java:374) ~[spring-security-web-6.2.3.jar:6.2.3]
	at org.springframework.security.web.context.SecurityContextHolderFilter.doFilter(SecurityContextHolderFilter.java:82) ~[spring-security-web-6.2.3.jar:6.2.3]
	at org.springframework.security.web.context.SecurityContextHolderFilter.doFilter(SecurityContextHolderFilter.java:69) ~[spring-security-web-6.2.3.jar:6.2.3]
	at org.springframework.security.web.FilterChainProxy$VirtualFilterChain.doFilter(FilterChainProxy.java:374) ~[spring-security-web-6.2.3.jar:6.2.3]
	at org.springframework.security.web.context.request.async.WebAsyncManagerIntegrationFilter.doFilterInternal(WebAsyncManagerIntegrationFilter.java:62) ~[spring-security-web-6.2.3.jar:6.2.3]
	at org.springframework.web.filter.OncePerRequestFilter.doFilter(OncePerRequestFilter.java:116) ~[spring-web-6.1.5.jar:6.1.5]
	at org.springframework.security.web.FilterChainProxy$VirtualFilterChain.doFilter(FilterChainProxy.java:374) ~[spring-security-web-6.2.3.jar:6.2.3]
	at org.springframework.security.web.session.ForceEagerSessionCreationFilter.doFilterInternal(ForceEagerSessionCreationFilter.java:45) ~[spring-security-web-6.2.3.jar:6.2.3]
	at org.springframework.web.filter.OncePerRequestFilter.doFilter(OncePerRequestFilter.java:116) ~[spring-web-6.1.5.jar:6.1.5]
	at org.springframework.security.web.FilterChainProxy$VirtualFilterChain.doFilter(FilterChainProxy.java:374) ~[spring-security-web-6.2.3.jar:6.2.3]
	at org.springframework.security.web.session.DisableEncodeUrlFilter.doFilterInternal(DisableEncodeUrlFilter.java:42) ~[spring-security-web-6.2.3.jar:6.2.3]
	at org.springframework.web.filter.OncePerRequestFilter.doFilter(OncePerRequestFilter.java:116) ~[spring-web-6.1.5.jar:6.1.5]
	at org.springframework.security.web.FilterChainProxy$VirtualFilterChain.doFilter(FilterChainProxy.java:374) ~[spring-security-web-6.2.3.jar:6.2.3]
	at org.springframework.security.web.FilterChainProxy.doFilterInternal(FilterChainProxy.java:233) ~[spring-security-web-6.2.3.jar:6.2.3]
	at org.springframework.security.web.FilterChainProxy.doFilter(FilterChainProxy.java:191) ~[spring-security-web-6.2.3.jar:6.2.3]
	at org.springframework.web.filter.CompositeFilter$VirtualFilterChain.doFilter(CompositeFilter.java:113) ~[spring-web-6.1.5.jar:6.1.5]
	at org.springframework.web.servlet.handler.HandlerMappingIntrospector.lambda$createCacheFilter$3(HandlerMappingIntrospector.java:195) ~[spring-webmvc-6.1.5.jar:6.1.5]
	at org.springframework.web.filter.CompositeFilter$VirtualFilterChain.doFilter(CompositeFilter.java:113) ~[spring-web-6.1.5.jar:6.1.5]
	at org.springframework.web.filter.CompositeFilter.doFilter(CompositeFilter.java:74) ~[spring-web-6.1.5.jar:6.1.5]
	at org.springframework.security.config.annotation.web.configuration.WebMvcSecurityConfiguration$CompositeFilterChainProxy.doFilter(WebMvcSecurityConfiguration.java:230) ~[spring-security-config-6.2.3.jar:6.2.3]
	at org.springframework.web.filter.DelegatingFilterProxy.invokeDelegate(DelegatingFilterProxy.java:352) ~[spring-web-6.1.5.jar:6.1.5]
	at org.springframework.web.filter.DelegatingFilterProxy.doFilter(DelegatingFilterProxy.java:268) ~[spring-web-6.1.5.jar:6.1.5]
	at org.apache.catalina.core.ApplicationFilterChain.internalDoFilter(ApplicationFilterChain.java:174) ~[tomcat-embed-core-10.1.19.jar:10.1.19]
	at org.apache.catalina.core.ApplicationFilterChain.doFilter(ApplicationFilterChain.java:149) ~[tomcat-embed-core-10.1.19.jar:10.1.19]
	at org.springframework.web.filter.RequestContextFilter.doFilterInternal(RequestContextFilter.java:100) ~[spring-web-6.1.5.jar:6.1.5]
	at org.springframework.web.filter.OncePerRequestFilter.doFilter(OncePerRequestFilter.java:116) ~[spring-web-6.1.5.jar:6.1.5]
	at org.apache.catalina.core.ApplicationFilterChain.internalDoFilter(ApplicationFilterChain.java:174) ~[tomcat-embed-core-10.1.19.jar:10.1.19]
	at org.apache.catalina.core.ApplicationFilterChain.doFilter(ApplicationFilterChain.java:149) ~[tomcat-embed-core-10.1.19.jar:10.1.19]
	at org.springframework.web.filter.FormContentFilter.doFilterInternal(FormContentFilter.java:93) ~[spring-web-6.1.5.jar:6.1.5]
	at org.springframework.web.filter.OncePerRequestFilter.doFilter(OncePerRequestFilter.java:116) ~[spring-web-6.1.5.jar:6.1.5]
	at org.apache.catalina.core.ApplicationFilterChain.internalDoFilter(ApplicationFilterChain.java:174) ~[tomcat-embed-core-10.1.19.jar:10.1.19]
	at org.apache.catalina.core.ApplicationFilterChain.doFilter(ApplicationFilterChain.java:149) ~[tomcat-embed-core-10.1.19.jar:10.1.19]
	at org.springframework.web.filter.CharacterEncodingFilter.doFilterInternal(CharacterEncodingFilter.java:201) ~[spring-web-6.1.5.jar:6.1.5]
	at org.springframework.web.filter.OncePerRequestFilter.doFilter(OncePerRequestFilter.java:116) ~[spring-web-6.1.5.jar:6.1.5]
	at org.apache.catalina.core.ApplicationFilterChain.internalDoFilter(ApplicationFilterChain.java:174) ~[tomcat-embed-core-10.1.19.jar:10.1.19]
	at org.apache.catalina.core.ApplicationFilterChain.doFilter(ApplicationFilterChain.java:149) ~[tomcat-embed-core-10.1.19.jar:10.1.19]
	at org.apache.catalina.core.StandardWrapperValve.invoke(StandardWrapperValve.java:167) ~[tomcat-embed-core-10.1.19.jar:10.1.19]
	at org.apache.catalina.core.StandardContextValve.invoke(StandardContextValve.java:90) ~[tomcat-embed-core-10.1.19.jar:10.1.19]
	at org.apache.catalina.authenticator.AuthenticatorBase.invoke(AuthenticatorBase.java:482) ~[tomcat-embed-core-10.1.19.jar:10.1.19]
	at org.apache.catalina.core.StandardHostValve.invoke(StandardHostValve.java:115) ~[tomcat-embed-core-10.1.19.jar:10.1.19]
	at org.apache.catalina.valves.ErrorReportValve.invoke(ErrorReportValve.java:93) ~[tomcat-embed-core-10.1.19.jar:10.1.19]
	at org.apache.catalina.core.StandardEngineValve.invoke(StandardEngineValve.java:74) ~[tomcat-embed-core-10.1.19.jar:10.1.19]
	at org.apache.catalina.connector.CoyoteAdapter.service(CoyoteAdapter.java:344) ~[tomcat-embed-core-10.1.19.jar:10.1.19]
	at org.apache.coyote.http11.Http11Processor.service(Http11Processor.java:391) ~[tomcat-embed-core-10.1.19.jar:10.1.19]
	at org.apache.coyote.AbstractProcessorLight.process(AbstractProcessorLight.java:63) ~[tomcat-embed-core-10.1.19.jar:10.1.19]
	at org.apache.coyote.AbstractProtocol$ConnectionHandler.process(AbstractProtocol.java:896) ~[tomcat-embed-core-10.1.19.jar:10.1.19]
	at org.apache.tomcat.util.net.NioEndpoint$SocketProcessor.doRun(NioEndpoint.java:1744) ~[tomcat-embed-core-10.1.19.jar:10.1.19]
	at org.apache.tomcat.util.net.SocketProcessorBase.run(SocketProcessorBase.java:52) ~[tomcat-embed-core-10.1.19.jar:10.1.19]
	at org.apache.tomcat.util.threads.ThreadPoolExecutor.runWorker(ThreadPoolExecutor.java:1191) ~[tomcat-embed-core-10.1.19.jar:10.1.19]
	at org.apache.tomcat.util.threads.ThreadPoolExecutor$Worker.run(ThreadPoolExecutor.java:659) ~[tomcat-embed-core-10.1.19.jar:10.1.19]
	at org.apache.tomcat.util.threads.TaskThread$WrappingRunnable.run(TaskThread.java:63) ~[tomcat-embed-core-10.1.19.jar:10.1.19]
	at java.base/java.lang.Thread.run(Thread.java:1583) ~[na:na]

2024-05-18T21:15:12.904+06:00 ERROR 2787 --- [http-nio-172.20.10.4-8089-exec-7] o.a.c.c.C.[.[.[/].[dispatcherServlet]    : Servlet.service() for servlet [dispatcherServlet] in context with path [] threw exception [Request processing failed: org.springframework.jdbc.BadSqlGrammarException: PreparedStatementCallback; bad SQL grammar [SELECT neeed_for_interpersonal_skills, (COUNT(*) * 100 / ?) AS percentage FROM EMPLOYER_ASSESSMENT GROUP BY neeed_for_interpersonal_skills]] with root cause

org.h2.jdbc.JdbcSQLSyntaxErrorException: Столбец "NEEED_FOR_INTERPERSONAL_SKILLS" не найден
Column "NEEED_FOR_INTERPERSONAL_SKILLS" not found; SQL statement:
SELECT neeed_for_interpersonal_skills, (COUNT(*) * 100 / ?) AS percentage FROM EMPLOYER_ASSESSMENT GROUP BY neeed_for_interpersonal_skills [42122-224]
	at org.h2.message.DbException.getJdbcSQLException(DbException.java:514) ~[h2-2.2.224.jar:2.2.224]
	at org.h2.message.DbException.getJdbcSQLException(DbException.java:489) ~[h2-2.2.224.jar:2.2.224]
	at org.h2.message.DbException.get(DbException.java:223) ~[h2-2.2.224.jar:2.2.224]
	at org.h2.message.DbException.get(DbException.java:199) ~[h2-2.2.224.jar:2.2.224]
	at org.h2.expression.ExpressionColumn.getColumnException(ExpressionColumn.java:244) ~[h2-2.2.224.jar:2.2.224]
	at org.h2.expression.ExpressionColumn.optimizeOther(ExpressionColumn.java:226) ~[h2-2.2.224.jar:2.2.224]
	at org.h2.expression.ExpressionColumn.optimize(ExpressionColumn.java:213) ~[h2-2.2.224.jar:2.2.224]
	at org.h2.command.query.Select.prepareExpressions(Select.java:1170) ~[h2-2.2.224.jar:2.2.224]
	at org.h2.command.query.Query.prepare(Query.java:218) ~[h2-2.2.224.jar:2.2.224]
	at org.h2.command.Parser.prepareCommand(Parser.java:489) ~[h2-2.2.224.jar:2.2.224]
	at org.h2.engine.SessionLocal.prepareLocal(SessionLocal.java:639) ~[h2-2.2.224.jar:2.2.224]
	at org.h2.engine.SessionLocal.prepareCommand(SessionLocal.java:559) ~[h2-2.2.224.jar:2.2.224]
	at org.h2.jdbc.JdbcConnection.prepareCommand(JdbcConnection.java:1166) ~[h2-2.2.224.jar:2.2.224]
	at org.h2.jdbc.JdbcPreparedStatement.<init>(JdbcPreparedStatement.java:93) ~[h2-2.2.224.jar:2.2.224]
	at org.h2.jdbc.JdbcConnection.prepareStatement(JdbcConnection.java:316) ~[h2-2.2.224.jar:2.2.224]
	at com.zaxxer.hikari.pool.ProxyConnection.prepareStatement(ProxyConnection.java:327) ~[HikariCP-5.0.1.jar:na]
	at com.zaxxer.hikari.pool.HikariProxyConnection.prepareStatement(HikariProxyConnection.java) ~[HikariCP-5.0.1.jar:na]
	at org.springframework.jdbc.core.JdbcTemplate$SimplePreparedStatementCreator.createPreparedStatement(JdbcTemplate.java:1711) ~[spring-jdbc-6.1.5.jar:6.1.5]
	at org.springframework.jdbc.core.JdbcTemplate.execute(JdbcTemplate.java:656) ~[spring-jdbc-6.1.5.jar:6.1.5]
	at org.springframework.jdbc.core.JdbcTemplate.query(JdbcTemplate.java:723) ~[spring-jdbc-6.1.5.jar:6.1.5]
	at org.springframework.jdbc.core.JdbcTemplate.query(JdbcTemplate.java:754) ~[spring-jdbc-6.1.5.jar:6.1.5]
	at org.springframework.jdbc.core.JdbcTemplate.query(JdbcTemplate.java:767) ~[spring-jdbc-6.1.5.jar:6.1.5]
	at org.springframework.jdbc.core.JdbcTemplate.query(JdbcTemplate.java:820) ~[spring-jdbc-6.1.5.jar:6.1.5]
	at com.example.college.dao.EmployerAssessmentDao.getStaticsWithCount(EmployerAssessmentDao.java:89) ~[classes/:na]
	at com.example.college.service.impl.EmployerAssessmentServiceImpl.getStaticWithCount(EmployerAssessmentServiceImpl.java:58) ~[classes/:na]
	at com.example.college.controller.FormsController.employerCount(FormsController.java:26) ~[classes/:na]
	at java.base/jdk.internal.reflect.DirectMethodHandleAccessor.invoke(DirectMethodHandleAccessor.java:103) ~[na:na]
	at java.base/java.lang.reflect.Method.invoke(Method.java:580) ~[na:na]
	at org.springframework.web.method.support.InvocableHandlerMethod.doInvoke(InvocableHandlerMethod.java:255) ~[spring-web-6.1.5.jar:6.1.5]
	at org.springframework.web.method.support.InvocableHandlerMethod.invokeForRequest(InvocableHandlerMethod.java:188) ~[spring-web-6.1.5.jar:6.1.5]
	at org.springframework.web.servlet.mvc.method.annotation.ServletInvocableHandlerMethod.invokeAndHandle(ServletInvocableHandlerMethod.java:118) ~[spring-webmvc-6.1.5.jar:6.1.5]
	at org.springframework.web.servlet.mvc.method.annotation.RequestMappingHandlerAdapter.invokeHandlerMethod(RequestMappingHandlerAdapter.java:925) ~[spring-webmvc-6.1.5.jar:6.1.5]
	at org.springframework.web.servlet.mvc.method.annotation.RequestMappingHandlerAdapter.handleInternal(RequestMappingHandlerAdapter.java:830) ~[spring-webmvc-6.1.5.jar:6.1.5]
	at org.springframework.web.servlet.mvc.method.AbstractHandlerMethodAdapter.handle(AbstractHandlerMethodAdapter.java:87) ~[spring-webmvc-6.1.5.jar:6.1.5]
	at org.springframework.web.servlet.DispatcherServlet.doDispatch(DispatcherServlet.java:1089) ~[spring-webmvc-6.1.5.jar:6.1.5]
	at org.springframework.web.servlet.DispatcherServlet.doService(DispatcherServlet.java:979) ~[spring-webmvc-6.1.5.jar:6.1.5]
	at org.springframework.web.servlet.FrameworkServlet.processRequest(FrameworkServlet.java:1014) ~[spring-webmvc-6.1.5.jar:6.1.5]
	at org.springframework.web.servlet.FrameworkServlet.doGet(FrameworkServlet.java:903) ~[spring-webmvc-6.1.5.jar:6.1.5]
	at jakarta.servlet.http.HttpServlet.service(HttpServlet.java:564) ~[tomcat-embed-core-10.1.19.jar:6.0]
	at org.springframework.web.servlet.FrameworkServlet.service(FrameworkServlet.java:885) ~[spring-webmvc-6.1.5.jar:6.1.5]
	at jakarta.servlet.http.HttpServlet.service(HttpServlet.java:658) ~[tomcat-embed-core-10.1.19.jar:6.0]
	at org.apache.catalina.core.ApplicationFilterChain.internalDoFilter(ApplicationFilterChain.java:205) ~[tomcat-embed-core-10.1.19.jar:10.1.19]
	at org.apache.catalina.core.ApplicationFilterChain.doFilter(ApplicationFilterChain.java:149) ~[tomcat-embed-core-10.1.19.jar:10.1.19]
	at org.apache.tomcat.websocket.server.WsFilter.doFilter(WsFilter.java:51) ~[tomcat-embed-websocket-10.1.19.jar:10.1.19]
	at org.apache.catalina.core.ApplicationFilterChain.internalDoFilter(ApplicationFilterChain.java:174) ~[tomcat-embed-core-10.1.19.jar:10.1.19]
	at org.apache.catalina.core.ApplicationFilterChain.doFilter(ApplicationFilterChain.java:149) ~[tomcat-embed-core-10.1.19.jar:10.1.19]
	at org.springframework.web.filter.OncePerRequestFilter.doFilter(OncePerRequestFilter.java:110) ~[spring-web-6.1.5.jar:6.1.5]
	at org.apache.catalina.core.ApplicationFilterChain.internalDoFilter(ApplicationFilterChain.java:174) ~[tomcat-embed-core-10.1.19.jar:10.1.19]
	at org.apache.catalina.core.ApplicationFilterChain.doFilter(ApplicationFilterChain.java:149) ~[tomcat-embed-core-10.1.19.jar:10.1.19]
	at org.springframework.web.filter.CompositeFilter$VirtualFilterChain.doFilter(CompositeFilter.java:108) ~[spring-web-6.1.5.jar:6.1.5]
	at org.springframework.security.web.FilterChainProxy.lambda$doFilterInternal$3(FilterChainProxy.java:231) ~[spring-security-web-6.2.3.jar:6.2.3]
	at org.springframework.security.web.FilterChainProxy$VirtualFilterChain.doFilter(FilterChainProxy.java:365) ~[spring-security-web-6.2.3.jar:6.2.3]
	at org.springframework.security.web.access.intercept.AuthorizationFilter.doFilter(AuthorizationFilter.java:100) ~[spring-security-web-6.2.3.jar:6.2.3]
	at org.springframework.security.web.FilterChainProxy$VirtualFilterChain.doFilter(FilterChainProxy.java:374) ~[spring-security-web-6.2.3.jar:6.2.3]
	at org.springframework.security.web.access.ExceptionTranslationFilter.doFilter(ExceptionTranslationFilter.java:126) ~[spring-security-web-6.2.3.jar:6.2.3]
	at org.springframework.security.web.access.ExceptionTranslationFilter.doFilter(ExceptionTranslationFilter.java:120) ~[spring-security-web-6.2.3.jar:6.2.3]
	at org.springframework.security.web.FilterChainProxy$VirtualFilterChain.doFilter(FilterChainProxy.java:374) ~[spring-security-web-6.2.3.jar:6.2.3]
	at org.springframework.security.web.session.SessionManagementFilter.doFilter(SessionManagementFilter.java:131) ~[spring-security-web-6.2.3.jar:6.2.3]
	at org.springframework.security.web.session.SessionManagementFilter.doFilter(SessionManagementFilter.java:85) ~[spring-security-web-6.2.3.jar:6.2.3]
	at org.springframework.security.web.FilterChainProxy$VirtualFilterChain.doFilter(FilterChainProxy.java:374) ~[spring-security-web-6.2.3.jar:6.2.3]
	at org.springframework.security.web.authentication.AnonymousAuthenticationFilter.doFilter(AnonymousAuthenticationFilter.java:100) ~[spring-security-web-6.2.3.jar:6.2.3]
	at org.springframework.security.web.FilterChainProxy$VirtualFilterChain.doFilter(FilterChainProxy.java:374) ~[spring-security-web-6.2.3.jar:6.2.3]
	at org.springframework.security.web.servletapi.SecurityContextHolderAwareRequestFilter.doFilter(SecurityContextHolderAwareRequestFilter.java:179) ~[spring-security-web-6.2.3.jar:6.2.3]
	at org.springframework.security.web.FilterChainProxy$VirtualFilterChain.doFilter(FilterChainProxy.java:374) ~[spring-security-web-6.2.3.jar:6.2.3]
	at org.springframework.security.web.savedrequest.RequestCacheAwareFilter.doFilter(RequestCacheAwareFilter.java:63) ~[spring-security-web-6.2.3.jar:6.2.3]
	at org.springframework.security.web.FilterChainProxy$VirtualFilterChain.doFilter(FilterChainProxy.java:374) ~[spring-security-web-6.2.3.jar:6.2.3]
	at org.springframework.security.web.authentication.www.BasicAuthenticationFilter.doFilterInternal(BasicAuthenticationFilter.java:181) ~[spring-security-web-6.2.3.jar:6.2.3]
	at org.springframework.web.filter.OncePerRequestFilter.doFilter(OncePerRequestFilter.java:116) ~[spring-web-6.1.5.jar:6.1.5]
	at org.springframework.security.web.FilterChainProxy$VirtualFilterChain.doFilter(FilterChainProxy.java:374) ~[spring-security-web-6.2.3.jar:6.2.3]
	at org.springframework.security.web.authentication.AbstractAuthenticationProcessingFilter.doFilter(AbstractAuthenticationProcessingFilter.java:227) ~[spring-security-web-6.2.3.jar:6.2.3]
	at org.springframework.security.web.authentication.AbstractAuthenticationProcessingFilter.doFilter(AbstractAuthenticationProcessingFilter.java:221) ~[spring-security-web-6.2.3.jar:6.2.3]
	at org.springframework.security.web.FilterChainProxy$VirtualFilterChain.doFilter(FilterChainProxy.java:374) ~[spring-security-web-6.2.3.jar:6.2.3]
	at org.springframework.security.web.authentication.logout.LogoutFilter.doFilter(LogoutFilter.java:107) ~[spring-security-web-6.2.3.jar:6.2.3]
	at org.springframework.security.web.authentication.logout.LogoutFilter.doFilter(LogoutFilter.java:93) ~[spring-security-web-6.2.3.jar:6.2.3]
	at org.springframework.security.web.FilterChainProxy$VirtualFilterChain.doFilter(FilterChainProxy.java:374) ~[spring-security-web-6.2.3.jar:6.2.3]
	at org.springframework.web.filter.CorsFilter.doFilterInternal(CorsFilter.java:91) ~[spring-web-6.1.5.jar:6.1.5]
	at org.springframework.web.filter.OncePerRequestFilter.doFilter(OncePerRequestFilter.java:116) ~[spring-web-6.1.5.jar:6.1.5]
	at org.springframework.security.web.FilterChainProxy$VirtualFilterChain.doFilter(FilterChainProxy.java:374) ~[spring-security-web-6.2.3.jar:6.2.3]
	at org.springframework.security.web.header.HeaderWriterFilter.doHeadersAfter(HeaderWriterFilter.java:90) ~[spring-security-web-6.2.3.jar:6.2.3]
	at org.springframework.security.web.header.HeaderWriterFilter.doFilterInternal(HeaderWriterFilter.java:75) ~[spring-security-web-6.2.3.jar:6.2.3]
	at org.springframework.web.filter.OncePerRequestFilter.doFilter(OncePerRequestFilter.java:116) ~[spring-web-6.1.5.jar:6.1.5]
	at org.springframework.security.web.FilterChainProxy$VirtualFilterChain.doFilter(FilterChainProxy.java:374) ~[spring-security-web-6.2.3.jar:6.2.3]
	at org.springframework.security.web.context.SecurityContextHolderFilter.doFilter(SecurityContextHolderFilter.java:82) ~[spring-security-web-6.2.3.jar:6.2.3]
	at org.springframework.security.web.context.SecurityContextHolderFilter.doFilter(SecurityContextHolderFilter.java:69) ~[spring-security-web-6.2.3.jar:6.2.3]
	at org.springframework.security.web.FilterChainProxy$VirtualFilterChain.doFilter(FilterChainProxy.java:374) ~[spring-security-web-6.2.3.jar:6.2.3]
	at org.springframework.security.web.context.request.async.WebAsyncManagerIntegrationFilter.doFilterInternal(WebAsyncManagerIntegrationFilter.java:62) ~[spring-security-web-6.2.3.jar:6.2.3]
	at org.springframework.web.filter.OncePerRequestFilter.doFilter(OncePerRequestFilter.java:116) ~[spring-web-6.1.5.jar:6.1.5]
	at org.springframework.security.web.FilterChainProxy$VirtualFilterChain.doFilter(FilterChainProxy.java:374) ~[spring-security-web-6.2.3.jar:6.2.3]
	at org.springframework.security.web.session.ForceEagerSessionCreationFilter.doFilterInternal(ForceEagerSessionCreationFilter.java:45) ~[spring-security-web-6.2.3.jar:6.2.3]
	at org.springframework.web.filter.OncePerRequestFilter.doFilter(OncePerRequestFilter.java:116) ~[spring-web-6.1.5.jar:6.1.5]
	at org.springframework.security.web.FilterChainProxy$VirtualFilterChain.doFilter(FilterChainProxy.java:374) ~[spring-security-web-6.2.3.jar:6.2.3]
	at org.springframework.security.web.session.DisableEncodeUrlFilter.doFilterInternal(DisableEncodeUrlFilter.java:42) ~[spring-security-web-6.2.3.jar:6.2.3]
	at org.springframework.web.filter.OncePerRequestFilter.doFilter(OncePerRequestFilter.java:116) ~[spring-web-6.1.5.jar:6.1.5]
	at org.springframework.security.web.FilterChainProxy$VirtualFilterChain.doFilter(FilterChainProxy.java:374) ~[spring-security-web-6.2.3.jar:6.2.3]
	at org.springframework.security.web.FilterChainProxy.doFilterInternal(FilterChainProxy.java:233) ~[spring-security-web-6.2.3.jar:6.2.3]
	at org.springframework.security.web.FilterChainProxy.doFilter(FilterChainProxy.java:191) ~[spring-security-web-6.2.3.jar:6.2.3]
	at org.springframework.web.filter.CompositeFilter$VirtualFilterChain.doFilter(CompositeFilter.java:113) ~[spring-web-6.1.5.jar:6.1.5]
	at org.springframework.web.servlet.handler.HandlerMappingIntrospector.lambda$createCacheFilter$3(HandlerMappingIntrospector.java:195) ~[spring-webmvc-6.1.5.jar:6.1.5]
	at org.springframework.web.filter.CompositeFilter$VirtualFilterChain.doFilter(CompositeFilter.java:113) ~[spring-web-6.1.5.jar:6.1.5]
	at org.springframework.web.filter.CompositeFilter.doFilter(CompositeFilter.java:74) ~[spring-web-6.1.5.jar:6.1.5]
	at org.springframework.security.config.annotation.web.configuration.WebMvcSecurityConfiguration$CompositeFilterChainProxy.doFilter(WebMvcSecurityConfiguration.java:230) ~[spring-security-config-6.2.3.jar:6.2.3]
	at org.springframework.web.filter.DelegatingFilterProxy.invokeDelegate(DelegatingFilterProxy.java:352) ~[spring-web-6.1.5.jar:6.1.5]
	at org.springframework.web.filter.DelegatingFilterProxy.doFilter(DelegatingFilterProxy.java:268) ~[spring-web-6.1.5.jar:6.1.5]
	at org.apache.catalina.core.ApplicationFilterChain.internalDoFilter(ApplicationFilterChain.java:174) ~[tomcat-embed-core-10.1.19.jar:10.1.19]
	at org.apache.catalina.core.ApplicationFilterChain.doFilter(ApplicationFilterChain.java:149) ~[tomcat-embed-core-10.1.19.jar:10.1.19]
	at org.springframework.web.filter.RequestContextFilter.doFilterInternal(RequestContextFilter.java:100) ~[spring-web-6.1.5.jar:6.1.5]
	at org.springframework.web.filter.OncePerRequestFilter.doFilter(OncePerRequestFilter.java:116) ~[spring-web-6.1.5.jar:6.1.5]
	at org.apache.catalina.core.ApplicationFilterChain.internalDoFilter(ApplicationFilterChain.java:174) ~[tomcat-embed-core-10.1.19.jar:10.1.19]
	at org.apache.catalina.core.ApplicationFilterChain.doFilter(ApplicationFilterChain.java:149) ~[tomcat-embed-core-10.1.19.jar:10.1.19]
	at org.springframework.web.filter.FormContentFilter.doFilterInternal(FormContentFilter.java:93) ~[spring-web-6.1.5.jar:6.1.5]
	at org.springframework.web.filter.OncePerRequestFilter.doFilter(OncePerRequestFilter.java:116) ~[spring-web-6.1.5.jar:6.1.5]
	at org.apache.catalina.core.ApplicationFilterChain.internalDoFilter(ApplicationFilterChain.java:174) ~[tomcat-embed-core-10.1.19.jar:10.1.19]
	at org.apache.catalina.core.ApplicationFilterChain.doFilter(ApplicationFilterChain.java:149) ~[tomcat-embed-core-10.1.19.jar:10.1.19]
	at org.springframework.web.filter.CharacterEncodingFilter.doFilterInternal(CharacterEncodingFilter.java:201) ~[spring-web-6.1.5.jar:6.1.5]
	at org.springframework.web.filter.OncePerRequestFilter.doFilter(OncePerRequestFilter.java:116) ~[spring-web-6.1.5.jar:6.1.5]
	at org.apache.catalina.core.ApplicationFilterChain.internalDoFilter(ApplicationFilterChain.java:174) ~[tomcat-embed-core-10.1.19.jar:10.1.19]
	at org.apache.catalina.core.ApplicationFilterChain.doFilter(ApplicationFilterChain.java:149) ~[tomcat-embed-core-10.1.19.jar:10.1.19]
	at org.apache.catalina.core.StandardWrapperValve.invoke(StandardWrapperValve.java:167) ~[tomcat-embed-core-10.1.19.jar:10.1.19]
	at org.apache.catalina.core.StandardContextValve.invoke(StandardContextValve.java:90) ~[tomcat-embed-core-10.1.19.jar:10.1.19]
	at org.apache.catalina.authenticator.AuthenticatorBase.invoke(AuthenticatorBase.java:482) ~[tomcat-embed-core-10.1.19.jar:10.1.19]
	at org.apache.catalina.core.StandardHostValve.invoke(StandardHostValve.java:115) ~[tomcat-embed-core-10.1.19.jar:10.1.19]
	at org.apache.catalina.valves.ErrorReportValve.invoke(ErrorReportValve.java:93) ~[tomcat-embed-core-10.1.19.jar:10.1.19]
	at org.apache.catalina.core.StandardEngineValve.invoke(StandardEngineValve.java:74) ~[tomcat-embed-core-10.1.19.jar:10.1.19]
	at org.apache.catalina.connector.CoyoteAdapter.service(CoyoteAdapter.java:344) ~[tomcat-embed-core-10.1.19.jar:10.1.19]
	at org.apache.coyote.http11.Http11Processor.service(Http11Processor.java:391) ~[tomcat-embed-core-10.1.19.jar:10.1.19]
	at org.apache.coyote.AbstractProcessorLight.process(AbstractProcessorLight.java:63) ~[tomcat-embed-core-10.1.19.jar:10.1.19]
	at org.apache.coyote.AbstractProtocol$ConnectionHandler.process(AbstractProtocol.java:896) ~[tomcat-embed-core-10.1.19.jar:10.1.19]
	at org.apache.tomcat.util.net.NioEndpoint$SocketProcessor.doRun(NioEndpoint.java:1744) ~[tomcat-embed-core-10.1.19.jar:10.1.19]
	at org.apache.tomcat.util.net.SocketProcessorBase.run(SocketProcessorBase.java:52) ~[tomcat-embed-core-10.1.19.jar:10.1.19]
	at org.apache.tomcat.util.threads.ThreadPoolExecutor.runWorker(ThreadPoolExecutor.java:1191) ~[tomcat-embed-core-10.1.19.jar:10.1.19]
	at org.apache.tomcat.util.threads.ThreadPoolExecutor$Worker.run(ThreadPoolExecutor.java:659) ~[tomcat-embed-core-10.1.19.jar:10.1.19]
	at org.apache.tomcat.util.threads.TaskThread$WrappingRunnable.run(TaskThread.java:63) ~[tomcat-embed-core-10.1.19.jar:10.1.19]
	at java.base/java.lang.Thread.run(Thread.java:1583) ~[na:na]

2024-05-18T21:16:47.804+06:00  INFO 2787 --- [SpringApplicationShutdownHook] com.zaxxer.hikari.HikariDataSource       : HikariPool-1 - Shutdown initiated...
2024-05-18T21:16:47.814+06:00  INFO 2787 --- [SpringApplicationShutdownHook] com.zaxxer.hikari.HikariDataSource       : HikariPool-1 - Shutdown completed.
